2026-05-03 14:00:49 0 [Note] Starting MariaDB 11.8.6-MariaDB source revision 9bfea48ce1214cc4470f6f6f8a4e30352cef84e7 server_uid unknown as process 24699
2026-05-03 14:00:49 0 [Note] InnoDB: Compressed tables use zlib 1.3.1.zlib-ng
2026-05-03 14:00:49 0 [Note] InnoDB: Number of transaction pools: 1
2026-05-03 14:00:49 0 [Note] InnoDB: Using crc32 + pclmulqdq instructions
2026-05-03 14:00:49 0 [Note] InnoDB: Using Linux native AIO
2026-05-03 14:00:49 0 [Note] InnoDB: innodb_buffer_pool_size_max=128m, innodb_buffer_pool_size=128m
2026-05-03 14:00:49 0 [Note] InnoDB: Completed initialization of buffer pool
2026-05-03 14:00:49 0 [Note] InnoDB: Buffered log writes (block size=512 bytes)
2026-05-03 14:00:50 0 [Note] InnoDB: End of log at LSN=45616
2026-05-03 14:00:50 0 [Note] InnoDB: Opened 3 undo tablespaces
2026-05-03 14:00:50 0 [Note] InnoDB: 128 rollback segments in 3 undo tablespaces are active.
2026-05-03 14:00:50 0 [Note] InnoDB: Setting file './ibtmp1' size to 12.000MiB. Physically writing the file full; Please wait ...
2026-05-03 14:00:50 0 [Note] InnoDB: File './ibtmp1' size is now 12.000MiB.
2026-05-03 14:00:50 0 [Note] InnoDB: log sequence number 45616; transaction id 14
2026-05-03 14:00:50 0 [Note] InnoDB: Loading buffer pool(s) from /home/gyan/Projects/Software-Component-Catalog-System/backend/.mysql/data2/ib_buffer_pool
2026-05-03 14:00:50 0 [Note] Plugin 'FEEDBACK' is disabled.
2026-05-03 14:00:50 0 [Note] Plugin 'wsrep-provider' is disabled.
2026-05-03 14:00:50 0 [Note] InnoDB: Buffer pool(s) load completed at 260503 14:00:50
2026-05-03 14:00:51 0 [ERROR] Failed to create a socket for IPv4 '127.0.0.1': errno: 1.
2026-05-03 14:00:51 0 [ERROR] No TCP address could be bound to
2026-05-03 14:00:51 0 [ERROR] Aborting
